2026-05-04 11:48:13,795 - INFO - [GridSense-Core] - Engine v4.0 Initialized. Core ID: TZ-85748D48
2026-05-04 11:48:13,796 - INFO - [GridSense-Core] - --- STARTING GRID INTELLIGENCE CYCLE ---
2026-05-04 11:48:13,796 - INFO - [GridSense-Core] - Accessing data source: dataset.csv...
2026-05-04 11:48:13,839 - INFO - [GridSense-Core] - Ingestion successful. Processed 5000 telemetry sessions.
2026-05-04 11:48:13,839 - INFO - [GridSense-Core] - Initializing ML Intelligence Pipeline (Part A)...
2026-05-04 11:48:14,487 - INFO - [GridSense-Core] - Forecasting Engine Validated. MAE: 23.4887 kWh
2026-05-04 11:48:14,489 - INFO - [GridSense-Core] - Orchestrating Demand Shifting (Part A Implementation)...
2026-05-04 11:48:14,508 - INFO - [GridSense-Core] - Demand Orchestration complete. Exported 'processed_demand.csv'
2026-05-04 11:48:14,508 - INFO - [GridSense-Core] - Executing Geospatial Infrastructure Audit (Part B)...
2026-05-04 11:48:14,599 - INFO - [GridSense-Core] - Infrastructure Audit complete. Exported 'infrastructure_hotspots.csv'
2026-05-04 11:48:14,600 - INFO - [GridSense-Core] - Compiling daily intelligence report for AI Agent...
2026-05-04 11:48:14,610 - INFO - [GridSense-Core] - AI Intelligence Package ready.
2026-05-04 11:48:14,611 - INFO - [GridSense-Core] - --- CYCLE COMPLETE | EXECUTION TIME: 0.82s | STATUS: SUCCESS ---
2026-05-06 15:05:05,174 - INFO - [GridSense-Core] - Engine v4.0 Initialized. Core ID: TZ-5C3EBBCB
2026-05-06 15:05:05,186 - INFO - [GridSense-Core] - --- STARTING GRID INTELLIGENCE CYCLE ---
2026-05-06 15:05:05,186 - INFO - [GridSense-Core] - Accessing data source: dataset.csv...
2026-05-06 15:05:05,215 - INFO - [GridSense-Core] - Ingestion successful. Processed 5000 telemetry sessions.
2026-05-06 15:05:05,215 - INFO - [GridSense-Core] - Initializing ML Intelligence Pipeline (Part A)...
2026-05-06 15:05:05,659 - INFO - [GridSense-Core] - Forecasting Engine Validated. MAE: 23.4887 kWh
2026-05-06 15:05:05,659 - INFO - [GridSense-Core] - Orchestrating Demand Shifting (Part A Implementation)...
2026-05-06 15:05:05,677 - INFO - [GridSense-Core] - Demand Orchestration complete. Exported 'processed_demand.csv'
2026-05-06 15:05:05,677 - INFO - [GridSense-Core] - Executing Geospatial Infrastructure Audit (Part B)...
2026-05-06 15:05:05,743 - INFO - [GridSense-Core] - Infrastructure Audit complete. Exported 'infrastructure_hotspots.csv'
2026-05-06 15:05:05,743 - INFO - [GridSense-Core] - Compiling daily intelligence report for AI Agent...
2026-05-06 15:05:05,751 - INFO - [GridSense-Core] - AI Intelligence Package ready.
2026-05-06 15:05:05,751 - INFO - [GridSense-Core] - --- CYCLE COMPLETE | EXECUTION TIME: 0.58s | STATUS: SUCCESS ---
2026-05-06 15:30:47,023 - INFO - [GridSense-Core] - Engine v4.0 Initialized. Core ID: TZ-581C4EC2
2026-05-06 15:30:47,023 - INFO - [GridSense-Core] - --- STARTING GRID INTELLIGENCE CYCLE ---
2026-05-06 15:30:47,023 - INFO - [GridSense-Core] - Accessing data source: dataset.csv...
2026-05-06 15:30:47,054 - INFO - [GridSense-Core] - Ingestion successful. Processed 5000 telemetry sessions.
2026-05-06 15:30:47,055 - INFO - [GridSense-Core] - Initializing ML Intelligence Pipeline (Part A)...
2026-05-06 15:30:47,509 - INFO - [GridSense-Core] - Forecasting Engine Validated. MAE: 23.4887 kWh
2026-05-06 15:30:47,510 - INFO - [GridSense-Core] - Orchestrating Demand Shifting (Part A Implementation)...
2026-05-06 15:30:47,523 - INFO - [GridSense-Core] - Demand Orchestration complete. Exported 'processed_demand.csv'
2026-05-06 15:30:47,524 - INFO - [GridSense-Core] - Executing Geospatial Infrastructure Audit (Part B)...
2026-05-06 15:30:47,593 - INFO - [GridSense-Core] - Infrastructure Audit complete. Exported 'infrastructure_hotspots.csv'
2026-05-06 15:30:47,593 - INFO - [GridSense-Core] - Compiling daily intelligence report for AI Agent...
2026-05-06 15:30:47,599 - INFO - [GridSense-Core] - AI Intelligence Package ready.
2026-05-06 15:30:47,600 - INFO - [GridSense-Core] - --- CYCLE COMPLETE | EXECUTION TIME: 0.58s | STATUS: SUCCESS ---
2026-05-06 15:30:59,230 - INFO - [GridSense-Core] - Engine v4.0 Initialized. Core ID: TZ-2B73FDE0
2026-05-06 15:30:59,230 - INFO - [GridSense-Core] - --- STARTING GRID INTELLIGENCE CYCLE ---
2026-05-06 15:30:59,230 - INFO - [GridSense-Core] - Accessing data source: dataset.csv...
2026-05-06 15:30:59,263 - INFO - [GridSense-Core] - Ingestion successful. Processed 5000 telemetry sessions.
2026-05-06 15:30:59,263 - INFO - [GridSense-Core] - Initializing ML Intelligence Pipeline (Part A)...
2026-05-06 15:30:59,726 - INFO - [GridSense-Core] - Forecasting Engine Validated. MAE: 23.4887 kWh
2026-05-06 15:30:59,727 - INFO - [GridSense-Core] - Orchestrating Demand Shifting (Part A Implementation)...
2026-05-06 15:30:59,742 - INFO - [GridSense-Core] - Demand Orchestration complete. Exported 'processed_demand.csv'
2026-05-06 15:30:59,742 - INFO - [GridSense-Core] - Executing Geospatial Infrastructure Audit (Part B)...
2026-05-06 15:30:59,815 - INFO - [GridSense-Core] - Infrastructure Audit complete. Exported 'infrastructure_hotspots.csv'
2026-05-06 15:30:59,815 - INFO - [GridSense-Core] - Compiling daily intelligence report for AI Agent...
2026-05-06 15:30:59,822 - INFO - [GridSense-Core] - AI Intelligence Package ready.
2026-05-06 15:30:59,823 - INFO - [GridSense-Core] - --- CYCLE COMPLETE | EXECUTION TIME: 0.59s | STATUS: SUCCESS ---
2026-05-06 16:43:00,145 - INFO - [GridSense-Core] - Engine v4.0 Initialized. Core ID: TZ-15765E16
2026-05-06 16:43:00,145 - INFO - [GridSense-Core] - --- STARTING GRID INTELLIGENCE CYCLE ---
2026-05-06 16:43:00,145 - INFO - [GridSense-Core] - Accessing data source: dataset.csv...
2026-05-06 16:43:00,178 - INFO - [GridSense-Core] - Ingestion successful. Processed 5000 telemetry sessions.
2026-05-06 16:43:00,178 - INFO - [GridSense-Core] - Initializing ML Intelligence Pipeline (Part A)...
2026-05-06 16:43:00,633 - INFO - [GridSense-Core] - Forecasting Engine Validated. MAE: 23.4887 kWh
2026-05-06 16:43:00,633 - INFO - [GridSense-Core] - Orchestrating Demand Shifting (Part A Implementation)...
2026-05-06 16:43:00,646 - INFO - [GridSense-Core] - Demand Orchestration complete. Exported 'processed_demand.csv'
2026-05-06 16:43:00,647 - INFO - [GridSense-Core] - Executing Geospatial Infrastructure Audit (Part B)...
2026-05-06 16:43:00,712 - INFO - [GridSense-Core] - Infrastructure Audit complete. Exported 'infrastructure_hotspots.csv'
2026-05-06 16:43:00,712 - INFO - [GridSense-Core] - Compiling daily intelligence report for AI Agent...
2026-05-06 16:43:00,718 - INFO - [GridSense-Core] - AI Intelligence Package ready.
2026-05-06 16:43:00,718 - INFO - [GridSense-Core] - --- CYCLE COMPLETE | EXECUTION TIME: 0.57s | STATUS: SUCCESS ---
